<?xml version="1.0" encoding="UTF-8"?>
<!-- Generated by org.testng.reporters.JUnitReportReporter -->
<testsuite hostname="DESKTOP-GV6OQEV" failures="0" tests="1" name="seleniumDemo.LaunchChrome" time="25.109" errors="0" timestamp="2022-04-30T11:12:01 EDT" skipped="0">
  <testcase classname="seleniumDemo.LaunchChrome" name="launchChrome" time="25.109"/>
</testsuite> <!-- seleniumDemo.LaunchChrome -->
